This file contains any messages produced by compilers while
running configure, to aid debugging if configure makes a mistake.

It was created by python configure 3.6, which was
generated by GNU Autoconf 2.69.  Invocation command line was

  $ ./configure --enable-optimizations --with-ensurepip=install

## --------- ##
## Platform. ##
## --------- ##

hostname = Fedora-40
uname -m = x86_64
uname -r = 6.11.11-200.fc40.x86_64
uname -s = Linux
uname -v = #1 SMP PREEMPT_DYNAMIC Thu Dec  5 18:38:39 UTC 2024

/usr/bin/uname -p = unknown
/bin/uname -X     = unknown

/bin/arch              = x86_64
/usr/bin/arch -k       = unknown
/usr/convex/getsysinfo = unknown
/usr/bin/hostinfo      = unknown
/bin/machine           = unknown
/usr/bin/oslevel       = unknown
/bin/universe          = unknown

PATH: /usr/bin
PATH: /home/linuxbrew/.linuxbrew/bin
PATH: /home/linuxbrew/.linuxbrew/sbin
PATH: /usr/bin
PATH: /home/linuxbrew/.linuxbrew/bin
PATH: /home/linuxbrew/.linuxbrew/sbin
PATH: /home/sumukhchakkirala/.local/bin
PATH: /home/sumukhchakkirala/bin
PATH: /usr/local/bin
PATH: /usr/local/sbin
PATH: /usr/bin
PATH: /usr/sbin
PATH: /var/lib/snapd/snap/bin


## ----------- ##
## Core tests. ##
## ----------- ##

configure:2801: checking build system type
configure:2815: result: x86_64-pc-linux-gnu
configure:2835: checking host system type
configure:2848: result: x86_64-pc-linux-gnu
configure:2878: checking for python3.6
configure:2908: result: no
configure:2878: checking for python3
configure:2894: found /usr/bin/python3
configure:2905: result: python3
configure:3005: checking for --enable-universalsdk
configure:3052: result: no
configure:3075: checking for --with-universal-archs
configure:3090: result: no
configure:3240: checking MACHDEP
configure:3449: result: linux
configure:3470: checking for --without-gcc
configure:3493: result: no
configure:3496: checking for --with-icc
configure:3516: result: no
configure:3640: checking for gcc
configure:3667: result: clang
configure:3896: checking for C compiler version
configure:3905: clang --version >&5
./configure: line 3907: clang: command not found
configure:3916: $? = 127
configure:3905: clang -v >&5
./configure: line 3907: clang: command not found
configure:3916: $? = 127
configure:3905: clang -V >&5
./configure: line 3907: clang: command not found
configure:3916: $? = 127
configure:3905: clang -qversion >&5
./configure: line 3907: clang: command not found
configure:3916: $? = 127
configure:3936: checking whether the C compiler works
configure:3958: clang    conftest.c  >&5
./configure: line 3960: clang: command not found
configure:3962: $? = 127
configure:4000: result: no
configure: failed program was:
| /* confdefs.h */
| #define _GNU_SOURCE 1
| #define _NETBSD_SOURCE 1
| #define __BSD_VISIBLE 1
| #define _BSD_TYPES 1
| #define _DARWIN_C_SOURCE 1
| #define _XOPEN_SOURCE 700
| #define _XOPEN_SOURCE_EXTENDED 1
| #define _POSIX_C_SOURCE 200809L
| /* end confdefs.h.  */
| 
| int
| main ()
| {
| 
|   ;
|   return 0;
| }
configure:4005: error: in `/home/sumukhchakkirala/Documents/opencv-ai/Python-3.6.13':
configure:4007: error: C compiler cannot create executables
See `config.log' for more details

## ---------------- ##
## Cache variables. ##
## ---------------- ##

ac_cv_build=x86_64-pc-linux-gnu
ac_cv_env_CC_set=set
ac_cv_env_CC_value=clang
ac_cv_env_CFLAGS_set=
ac_cv_env_CFLAGS_value=
ac_cv_env_CPPFLAGS_set=
ac_cv_env_CPPFLAGS_value=
ac_cv_env_CPP_set=
ac_cv_env_CPP_value=
ac_cv_env_LDFLAGS_set=
ac_cv_env_LDFLAGS_value=
ac_cv_env_LIBS_set=
ac_cv_env_LIBS_value=
ac_cv_env_MACHDEP_set=
ac_cv_env_MACHDEP_value=
ac_cv_env_PKG_CONFIG_LIBDIR_set=
ac_cv_env_PKG_CONFIG_LIBDIR_value=
ac_cv_env_PKG_CONFIG_PATH_set=
ac_cv_env_PKG_CONFIG_PATH_value=
ac_cv_env_PKG_CONFIG_set=
ac_cv_env_PKG_CONFIG_value=
ac_cv_env_build_alias_set=
ac_cv_env_build_alias_value=
ac_cv_env_host_alias_set=
ac_cv_env_host_alias_value=
ac_cv_env_target_alias_set=
ac_cv_env_target_alias_value=
ac_cv_host=x86_64-pc-linux-gnu
ac_cv_prog_PYTHON_FOR_REGEN=python3
ac_cv_prog_ac_ct_CC=clang

## ----------------- ##
## Output variables. ##
## ----------------- ##

ABIFLAGS=''
AR=''
ARCH_RUN_32BIT=''
ARFLAGS=''
BASECFLAGS=''
BASECPPFLAGS=''
BLDLIBRARY=''
BLDSHARED=''
BUILDEXEEXT=''
CC='clang'
CCSHARED=''
CFLAGS=''
CFLAGSFORSHARED=''
CFLAGS_ALIASING=''
CFLAGS_NODIST=''
CONFIGURE_MACOSX_DEPLOYMENT_TARGET=''
CONFIG_ARGS=' '\''--enable-optimizations'\'' '\''--with-ensurepip=install'\'' '\''CC=clang'\'''
CPP=''
CPPFLAGS=''
CXX=''
DEFS=''
DEF_MAKE_ALL_RULE=''
DEF_MAKE_RULE=''
DFLAGS=''
DLINCLDIR=''
DLLLIBRARY=''
DTRACE=''
DTRACE_HEADERS=''
DTRACE_OBJS=''
DYNLOADFILE=''
ECHO_C=''
ECHO_N='-n'
ECHO_T=''
EGREP=''
ENSUREPIP=''
EXEEXT=''
EXPORT_MACOSX_DEPLOYMENT_TARGET='#'
EXT_SUFFIX=''
FRAMEWORKALTINSTALLFIRST=''
FRAMEWORKALTINSTALLLAST=''
FRAMEWORKINSTALLAPPSPREFIX=''
FRAMEWORKINSTALLFIRST=''
FRAMEWORKINSTALLLAST=''
FRAMEWORKPYTHONW=''
FRAMEWORKUNIXTOOLSPREFIX='/usr/local'
GITBRANCH=''
GITTAG=''
GITVERSION=''
GNULD=''
GREP=''
HAS_GIT='no-repository'
HAVE_GETHOSTBYNAME=''
HAVE_GETHOSTBYNAME_R=''
HAVE_GETHOSTBYNAME_R_3_ARG=''
HAVE_GETHOSTBYNAME_R_5_ARG=''
HAVE_GETHOSTBYNAME_R_6_ARG=''
INSTALL_DATA=''
INSTALL_PROGRAM=''
INSTALL_SCRIPT=''
INSTSONAME=''
LDCXXSHARED=''
LDFLAGS=''
LDFLAGS_NODIST=''
LDLAST=''
LDLIBRARY=''
LDLIBRARYDIR=''
LDSHARED=''
LDVERSION=''
LIBC=''
LIBFFI_INCLUDEDIR=''
LIBM=''
LIBOBJS=''
LIBPL=''
LIBRARY=''
LIBS=''
LIBTOOL_CRUFT=''
LINKCC=''
LINKFORSHARED=''
LIPO_32BIT_FLAGS=''
LLVM_AR=''
LLVM_AR_FOUND=''
LLVM_PROFDATA='/usr/bin/llvm-profdata'
LLVM_PROF_ERR=''
LLVM_PROF_FILE=''
LLVM_PROF_FOUND=''
LLVM_PROF_MERGER=''
LN=''
LTLIBOBJS=''
MACHDEP='linux'
MACHDEP_OBJS=''
MAINCC=''
MKDIR_P=''
MULTIARCH=''
MULTIARCH_CPPFLAGS=''
NO_AS_NEEDED=''
OBJEXT=''
OPT=''
OTHER_LIBTOOL_OPT=''
PACKAGE_BUGREPORT='https://bugs.python.org/'
PACKAGE_NAME='python'
PACKAGE_STRING='python 3.6'
PACKAGE_TARNAME='python'
PACKAGE_URL=''
PACKAGE_VERSION='3.6'
PATH_SEPARATOR=':'
PGO_PROF_GEN_FLAG=''
PGO_PROF_USE_FLAG=''
PKG_CONFIG=''
PKG_CONFIG_LIBDIR=''
PKG_CONFIG_PATH=''
PLATFORM_TRIPLET=''
PY3LIBRARY=''
PYTHONFRAMEWORK=''
PYTHONFRAMEWORKDIR='no-framework'
PYTHONFRAMEWORKIDENTIFIER='org.python.python'
PYTHONFRAMEWORKINSTALLDIR=''
PYTHONFRAMEWORKPREFIX=''
PYTHON_FOR_BUILD='./$(BUILDPYTHON) -E'
PYTHON_FOR_REGEN='python3'
PY_ENABLE_SHARED=''
READELF=''
RUNSHARED=''
SED=''
SGI_ABI=''
SHELL='/bin/sh'
SHLIBS=''
SHLIB_SUFFIX=''
SOABI=''
SOVERSION='1.0'
SRCDIRS=''
TCLTK_INCLUDES=''
TCLTK_LIBS=''
THREADHEADERS=''
THREADOBJ=''
TRUE=''
UNIVERSALSDK=''
UNIVERSAL_ARCH_FLAGS=''
USE_INLINE=''
USE_THREAD_MODULE=''
VERSION='3.6'
_PYTHON_HOST_PLATFORM=''
ac_ct_AR=''
ac_ct_CC='clang'
ac_ct_CXX=''
ac_ct_READELF=''
bindir='${exec_prefix}/bin'
build='x86_64-pc-linux-gnu'
build_alias=''
build_cpu='x86_64'
build_os='linux-gnu'
build_vendor='pc'
datadir='${datarootdir}'
datarootdir='${prefix}/share'
docdir='${datarootdir}/doc/${PACKAGE_TARNAME}'
dvidir='${docdir}'
exec_prefix='NONE'
host='x86_64-pc-linux-gnu'
host_alias=''
host_cpu='x86_64'
host_os='linux-gnu'
host_vendor='pc'
htmldir='${docdir}'
includedir='${prefix}/include'
infodir='${datarootdir}/info'
libdir='${exec_prefix}/lib'
libexecdir='${exec_prefix}/libexec'
localedir='${datarootdir}/locale'
localstatedir='${prefix}/var'
mandir='${datarootdir}/man'
oldincludedir='/usr/include'
pdfdir='${docdir}'
prefix='NONE'
program_transform_name='s,x,x,'
psdir='${docdir}'
sbindir='${exec_prefix}/sbin'
sharedstatedir='${prefix}/com'
sysconfdir='${prefix}/etc'
target=''
target_alias=''
target_cpu=''
target_os=''
target_vendor=''

## ----------- ##
## confdefs.h. ##
## ----------- ##

/* confdefs.h */
#define _GNU_SOURCE 1
#define _NETBSD_SOURCE 1
#define __BSD_VISIBLE 1
#define _BSD_TYPES 1
#define _DARWIN_C_SOURCE 1
#define _XOPEN_SOURCE 700
#define _XOPEN_SOURCE_EXTENDED 1
#define _POSIX_C_SOURCE 200809L

configure: exit 77
